<?xml version="1.0" encoding="UTF-8"?>
<testsuite name="com.survey.repository.QuestionRepositoryTest" time="0.105" tests="4" errors="0" skipped="0" failures="0">
  <properties>
[...]
</properties>
  <testcase name="a_create" classname="com.survey.repository.QuestionRepositoryTest" time="0.028"/>
  <testcase name="c_findOne" classname="com.survey.repository.QuestionRepositoryTest" time="0.007"/>
  <testcase name="d_delete" classname="com.survey.repository.QuestionRepositoryTest" time="0.038"/>
  <testcase name="b_findAll" classname="com.survey.repository.QuestionRepositoryTest" time="0.032"/>
</testsuite>